#
# There is insufficient memory for the Java Runtime Environment to continue.
# Native memory allocation (malloc) failed to allocate 1048576 bytes for AllocateHeap
# Possible reasons:
#   The system is out of physical RAM or swap space
#   In 32 bit mode, the process size limit was hit
# Possible solutions:
#   Reduce memory load on the system
#   Increase physical memory or swap space
#   Check if swap backing store is full
#   Use 64 bit Java on a 64 bit OS
#   Decrease Java heap size (-Xmx/-Xms)
#   Decrease number of Java threads
#   Decrease Java thread stack sizes (-Xss)
#   Set larger code cache with -XX:ReservedCodeCacheSize=
# This output file may be truncated or incomplete.
#
#  Out of Memory Error (memory/allocation.inline.hpp:61), pid=19048, tid=0x0000000000004f38
#
# JRE version:  (8.0_191-b12) (build )
# Java VM: Java HotSpot(TM) 64-Bit Server VM (25.191-b12 mixed mode windows-amd64 compressed oops)
# Failed to write core dump. Minidumps are not enabled by default on client versions of Windows
#

---------------  T H R E A D  ---------------

Current thread (0x00000000029dd800):  JavaThread "Unknown thread" [_thread_in_vm, id=20280, stack(0x0000000002860000,0x0000000002960000)]

Stack: [0x0000000002860000,0x0000000002960000]
[error occurred during error reporting (printing stack bounds), id 0xc0000005]

Native frames: (J=compiled Java code, j=interpreted, Vv=VM code, C=native code)


---------------  P R O C E S S  ---------------

Java Threads: ( => current thread )

Other Threads:

=>0x00000000029dd800 (exited) JavaThread "Unknown thread" [_thread_in_vm, id=20280, stack(0x0000000002860000,0x0000000002960000)]

VM state:not at safepoint (normal execution)

VM Mutex/Monitor currently owned by a thread: None

Heap:
 PSYoungGen      total 37888K, used 655K [0x00000000d6400000, 0x00000000d8e00000, 0x0000000100000000)
  eden space 32768K, 2% used [0x00000000d6400000,0x00000000d64a3d80,0x00000000d8400000)
  from space 5120K, 0% used [0x00000000d8900000,0x00000000d8900000,0x00000000d8e00000)
  to   space 5120K, 0% used [0x00000000d8400000,0x00000000d8400000,0x00000000d8900000)
 ParOldGen       total 86016K, used 0K [0x0000000082c00000, 0x0000000088000000, 0x00000000d6400000)
  object space 86016K, 0% used [0x0000000082c00000,0x0000000082c00000,0x0000000088000000)
 Metaspace       used 775K, capacity 4480K, committed 4480K, reserved 1056768K
  class space    used 76K, capacity 384K, committed 384K, reserved 1048576K

Card table byte_map: [0x0000000011ea0000,0x0000000012290000] byte_map_base: 0x0000000011a8a000

Marking Bits: (ParMarkBitMap*) 0x000000005ff93e30
 Begin Bits: [0x0000000012930000, 0x0000000014880000)
 End Bits:   [0x0000000014880000, 0x00000000167d0000)

Polling page: 0x00000000003f0000

CodeCache: size=245760Kb used=327Kb max_used=327Kb free=245432Kb
 bounds [0x0000000002ae0000, 0x0000000002d50000, 0x0000000011ae0000]
 total_blobs=57 nmethods=0 adapters=38
 compilation: enabled

Compilation events (0 events):
No events

GC Heap History (0 events):
No events

Deoptimization events (0 events):
No events

Classes redefined (0 events):
No events

Internal exceptions (0 events):
No events

Events (10 events):
Event: 0.041 loading class java/lang/Short
Event: 0.041 loading class java/lang/Short done
Event: 0.041 loading class java/lang/Integer
Event: 0.041 loading class java/lang/Integer done
Event: 0.041 loading class java/lang/Long
Event: 0.041 loading class java/lang/Long done
Event: 0.042 loading class java/lang/NullPointerException
Event: 0.042 loading class java/lang/NullPointerException done
Event: 0.042 loading class java/lang/ArithmeticException
Event: 0.042 loading class java/lang/ArithmeticException done


Dynamic libraries:
0x00007ff76d820000 - 0x00007ff76d857000 	C:\Program Files\Java\jdk1.8.0_191\bin\java.exe
0x00007ffa546c0000 - 0x00007ffa548b0000 	C:\WINDOWS\SYSTEM32\ntdll.dll
0x00007ffa53350000 - 0x00007ffa53402000 	C:\WINDOWS\System32\KERNEL32.DLL
0x00007ffa517b0000 - 0x00007ffa51a53000 	C:\WINDOWS\System32\KERNELBASE.dll
0x00007ffa4f190000 - 0x00007ffa4f21f000 	C:\WINDOWS\SYSTEM32\apphelp.dll
0x00007ffa53bb0000 - 0x00007ffa53c53000 	C:\WINDOWS\System32\ADVAPI32.dll
0x00007ffa54290000 - 0x00007ffa5432e000 	C:\WINDOWS\System32\msvcrt.dll
0x00007ffa53ed0000 - 0x00007ffa53f67000 	C:\WINDOWS\System32\sechost.dll
0x00007ffa53230000 - 0x00007ffa53350000 	C:\WINDOWS\System32\RPCRT4.dll
0x00007ffa53c60000 - 0x00007ffa53df4000 	C:\WINDOWS\System32\USER32.dll
0x00007ffa51780000 - 0x00007ffa517a1000 	C:\WINDOWS\System32\win32u.dll
0x00007ffa54140000 - 0x00007ffa54166000 	C:\WINDOWS\System32\GDI32.dll
0x00007ffa525d0000 - 0x00007ffa52764000 	C:\WINDOWS\System32\gdi32full.dll
0x00007ffa51a60000 - 0x00007ffa51afe000 	C:\WINDOWS\System32\msvcp_win.dll
0x00007ffa51b00000 - 0x00007ffa51bfa000 	C:\WINDOWS\System32\ucrtbase.dll
0x00007ffa3d390000 - 0x00007ffa3d615000 	C:\WINDOWS\WinSxS\amd64_microsoft.windows.common-controls_6595b64144ccf1df_6.0.18362.418_none_e6c6b287130d565d\COMCTL32.dll
0x00007ffa54330000 - 0x00007ffa54666000 	C:\WINDOWS\System32\combase.dll
0x00007ffa51650000 - 0x00007ffa516d0000 	C:\WINDOWS\System32\bcryptPrimitives.dll
0x00007ffa54260000 - 0x00007ffa5428e000 	C:\WINDOWS\System32\IMM32.DLL
0x000000005f690000 - 0x000000005f762000 	C:\Program Files\Java\jdk1.8.0_191\jre\bin\msvcr100.dll
0x000000005f770000 - 0x0000000060014000 	C:\Program Files\Java\jdk1.8.0_191\jre\bin\server\jvm.dll
0x00007ffa52ea0000 - 0x00007ffa52ea8000 	C:\WINDOWS\System32\PSAPI.DLL
0x00007ffa3c2d0000 - 0x00007ffa3c2d9000 	C:\WINDOWS\SYSTEM32\WSOCK32.dll
0x00007ffa4eec0000 - 0x00007ffa4eee4000 	C:\WINDOWS\SYSTEM32\WINMM.dll
0x00007ffa44cc0000 - 0x00007ffa44cca000 	C:\WINDOWS\SYSTEM32\VERSION.dll
0x00007ffa53e60000 - 0x00007ffa53ecf000 	C:\WINDOWS\System32\WS2_32.dll
0x00007ffa4eda0000 - 0x00007ffa4edcd000 	C:\WINDOWS\SYSTEM32\WINMMBASE.dll
0x00007ffa51730000 - 0x00007ffa5177a000 	C:\WINDOWS\System32\cfgmgr32.dll
0x000000005f640000 - 0x000000005f64f000 	C:\Program Files\Java\jdk1.8.0_191\jre\bin\verify.dll
0x000000005f610000 - 0x000000005f639000 	C:\Program Files\Java\jdk1.8.0_191\jre\bin\java.dll
0x000000005f5f0000 - 0x000000005f606000 	C:\Program Files\Java\jdk1.8.0_191\jre\bin\zip.dll

VM Arguments:
jvm_args: -Dfile.encoding=UTF-8 
java_command: billcalculator.BillCalculator
java_class_path (initial): C:\Users\cube\Desktop\Tomcat Server\mysql-connector-java-5.1.47\mysql-connector-java-5.1.47.jar;C:\Users\cube\Documents\NetBeansProjects\BillCalculator\build\classes
Launcher Type: SUN_STANDARD

Environment Variables:
JAVA_HOME=C:\Program Files\Java\jdk1.8.0_191
PATH=C:\Program Files (x86)\Common Files\Oracle\Java\javapath;C:\Program Files (x86)\Intel\TXE Components\iCLS\;C:\Program Files\Intel\TXE Components\iCLS\;C:\WINDOWS\system32;C:\WINDOWS;C:\WINDOWS\System32\Wbem;C:\WINDOWS\System32\WindowsPowerShell\v1.0\;C:\Program Files\Intel\TXE Components\DAL\;C:\Program Files (x86)\Intel\TXE Components\DAL\;C:\Program Files\Intel\TXE Components\IPT\;C:\Program Files (x86)\Intel\TXE Components\IPT\;C:\Program Files\Intel\WiFi\bin\;C:\Program Files\Common Files\Intel\WirelessCommon\;C:\WINDOWS\System32\OpenSSH\;C:\Program Files (x86)\Brackets\command;C:\Program Files\Java\jdk1.8.0_191\bin;C:\Users\cube\Desktop\tomcat\apache-tomcat-9.0.13\lib;C:\Program Files\Java\jdk1.8.0_191
USERNAME=cube
OS=Windows_NT
PROCESSOR_IDENTIFIER=Intel64 Family 6 Model 122 Stepping 1, GenuineIntel



---------------  S Y S T E M  ---------------

OS: Windows 10.0 , 64 bit Build 18362 (10.0.18362.329)

CPU:total 4 (initial active 4) (4 cores per cpu, 1 threads per core) family 6 model 122 stepping 1, cmov, cx8, fxsr, mmx, sse, sse2, sse3, ssse3, sse4.1, sse4.2, popcnt, aes, clmul, erms, 3dnowpref, tsc, tscinvbit

Memory: 4k page, physical 8206144k(1087572k free), swap 23730876k(4924k free)

vm_info: Java HotSpot(TM) 64-Bit Server VM (25.191-b12) for windows-amd64 JRE (1.8.0_191-b12), built on Oct  6 2018 09:29:03 by "java_re" with MS VC++ 10.0 (VS2010)

time: Sat Feb 15 13:07:49 2020
elapsed time: 0 seconds (0d 0h 0m 0s)

